[2024-11-17 17:19:58] request.INFO: Matched route "admin_module_manage_action". {"route":"admin_module_manage_action","route_parameters":{"_controller":"PrestaShopBundle\\Controller\\Admin\\Improve\\ModuleController::moduleAction","action":"install","module_name":"ps_accounts","_route":"admin_module_manage_action"},"request_uri":"http://localhost:8090/admin226btygwb/index.php/improve/modules/manage/action/install/ps_accounts?_token=YX7bbqHOVhsw4P_AOa9zn8oHHXeIBo_w7QR1npVPZ18","method":"POST"} []
[2024-11-17 17:19:58] security.DEBUG: Read existing security token from the session. {"key":"_security_main","token_class":"Symfony\\Component\\Security\\Core\\Authentication\\Token\\UsernamePasswordToken"} []
[2024-11-17 17:19:58] security.DEBUG: User was reloaded from a user provider. {"provider":"PrestaShopBundle\\Security\\Admin\\EmployeeProvider","username":"juzeffch@gmail.com"} []
[2024-11-17 17:19:59] app.ERROR: Exception thrown by module ps_accounts on install. Failed to create "/var/www/html/modules/ps_accounts": mkdir(): Permission denied {"object_type":"Module","object_id":0} []
[2024-11-17 17:19:59] security.DEBUG: Stored the security token in the session. {"key":"_security_main"} []
[2024-11-17 17:25:14] request.INFO: Matched route "admin_module_import". {"route":"admin_module_import","route_parameters":{"module_name":null,"_controller":"PrestaShopBundle\\Controller\\Admin\\Improve\\ModuleController::importModuleAction","_route":"admin_module_import"},"request_uri":"http://localhost:8090/admin226btygwb/index.php/improve/modules/import?_token=YX7bbqHOVhsw4P_AOa9zn8oHHXeIBo_w7QR1npVPZ18","method":"POST"} []
[2024-11-17 17:25:14] security.DEBUG: Read existing security token from the session. {"key":"_security_main","token_class":"Symfony\\Component\\Security\\Core\\Authentication\\Token\\UsernamePasswordToken"} []
[2024-11-17 17:25:14] security.DEBUG: User was reloaded from a user provider. {"provider":"PrestaShopBundle\\Security\\Admin\\EmployeeProvider","username":"juzeffch@gmail.com"} []
[2024-11-17 17:25:14] request.CRITICAL: Uncaught PHP Exception Symfony\Component\Filesystem\Exception\IOException: "Failed to create "/var/www/html/modules/przelewy24": mkdir(): Permission denied" at /var/www/html/vendor/symfony/symfony/src/Symfony/Component/Filesystem/Filesystem.php line 104 {"exception":"[object] (Symfony\\Component\\Filesystem\\Exception\\IOException(code: 0): Failed to create \"/var/www/html/modules/przelewy24\": mkdir(): Permission denied at /var/www/html/vendor/symfony/symfony/src/Symfony/Component/Filesystem/Filesystem.php:104)"} []
[2024-11-17 17:25:14] security.DEBUG: Stored the security token in the session. {"key":"_security_main"} []
[2024-11-17 17:25:20] request.INFO: Matched route "admin_module_import". {"route":"admin_module_import","route_parameters":{"module_name":null,"_controller":"PrestaShopBundle\\Controller\\Admin\\Improve\\ModuleController::importModuleAction","_route":"admin_module_import"},"request_uri":"http://localhost:8090/admin226btygwb/index.php/improve/modules/import?_token=YX7bbqHOVhsw4P_AOa9zn8oHHXeIBo_w7QR1npVPZ18","method":"POST"} []
[2024-11-17 17:25:20] security.DEBUG: Read existing security token from the session. {"key":"_security_main","token_class":"Symfony\\Component\\Security\\Core\\Authentication\\Token\\UsernamePasswordToken"} []
[2024-11-17 17:25:20] security.DEBUG: User was reloaded from a user provider. {"provider":"PrestaShopBundle\\Security\\Admin\\EmployeeProvider","username":"juzeffch@gmail.com"} []
[2024-11-17 17:25:20] request.CRITICAL: Uncaught PHP Exception Symfony\Component\Filesystem\Exception\IOException: "Failed to create "/var/www/html/modules/przelewy24": mkdir(): Permission denied" at /var/www/html/vendor/symfony/symfony/src/Symfony/Component/Filesystem/Filesystem.php line 104 {"exception":"[object] (Symfony\\Component\\Filesystem\\Exception\\IOException(code: 0): Failed to create \"/var/www/html/modules/przelewy24\": mkdir(): Permission denied at /var/www/html/vendor/symfony/symfony/src/Symfony/Component/Filesystem/Filesystem.php:104)"} []
[2024-11-17 17:25:20] security.DEBUG: Stored the security token in the session. {"key":"_security_main"} []
[2024-11-17 17:30:56] request.INFO: Matched route "admin_module_import". {"route":"admin_module_import","route_parameters":{"module_name":null,"_controller":"PrestaShopBundle\\Controller\\Admin\\Improve\\ModuleController::importModuleAction","_route":"admin_module_import"},"request_uri":"http://localhost:8090/admin226btygwb/index.php/improve/modules/import?_token=YX7bbqHOVhsw4P_AOa9zn8oHHXeIBo_w7QR1npVPZ18","method":"POST"} []
[2024-11-17 17:30:56] security.DEBUG: Read existing security token from the session. {"key":"_security_main","token_class":"Symfony\\Component\\Security\\Core\\Authentication\\Token\\UsernamePasswordToken"} []
[2024-11-17 17:30:56] security.DEBUG: User was reloaded from a user provider. {"provider":"PrestaShopBundle\\Security\\Admin\\EmployeeProvider","username":"juzeffch@gmail.com"} []
[2024-11-17 17:30:56] request.CRITICAL: Uncaught PHP Exception Symfony\Component\Filesystem\Exception\IOException: "Failed to create "/var/www/html/modules/przelewy24": mkdir(): Permission denied" at /var/www/html/vendor/symfony/symfony/src/Symfony/Component/Filesystem/Filesystem.php line 104 {"exception":"[object] (Symfony\\Component\\Filesystem\\Exception\\IOException(code: 0): Failed to create \"/var/www/html/modules/przelewy24\": mkdir(): Permission denied at /var/www/html/vendor/symfony/symfony/src/Symfony/Component/Filesystem/Filesystem.php:104)"} []
[2024-11-17 17:30:56] security.DEBUG: Stored the security token in the session. {"key":"_security_main"} []
